Start testing: Nov 22 06:35 Финляндия (зима)
----------------------------------------------------------
1/1 Testing: MainTests
1/1 Test: MainTests
Command: "C:/Users/PC/Documents/VS Projects/Cplusplus-Exercises/build/test/MainTests.exe"
Directory: C:/Users/PC/Documents/VS Projects/Cplusplus-Exercises/build/test
"MainTests" start time: Nov 22 06:35 Финляндия (зима)
Output:
----------------------------------------------------------
Running main() from C:/Users/PC/Documents/VS Projects/Cplusplus-Exercises/googletest/googletest/src/gtest_main.cc
[==========] Running 1 test from 1 test suite.
[----------] Global test environment set-up.
[----------] 1 test from ExampleTests
[ RUN      ] ExampleTests.DemonstrateGTestMacros
[       OK ] ExampleTests.DemonstrateGTestMacros (0 ms)
[----------] 1 test from ExampleTests (0 ms total)

[----------] Global test environment tear-down
[==========] 1 test from 1 test suite ran. (0 ms total)
[  PASSED  ] 1 test.
<end of output>
Test time =   0.05 sec
----------------------------------------------------------
Test Passed.
"MainTests" end time: Nov 22 06:35 Финляндия (зима)
"MainTests" time elapsed: 00:00:00
----------------------------------------------------------

End testing: Nov 22 06:35 Финляндия (зима)
