Start testing: Dec 27 19:26 ????????? (????)
----------------------------------------------------------
1/1 Testing: MainTests
1/1 Test: MainTests
Command: "C:/Users/User/Documents/VS Projects/Cplusplus-Exercises/build/test/MainTests.exe"
Directory: C:/Users/User/Documents/VS Projects/Cplusplus-Exercises/build/test
"MainTests" start time: Dec 27 19:26 ????????? (????)
Output:
----------------------------------------------------------
Running main() from C:\Users\User\Documents\VS Projects\Cplusplus-Exercises\googletest\googletest\src\gtest_main.cc
[==========] Running 1 test from 1 test suite.
[----------] Global test environment set-up.
[----------] 1 test from ExampleTests
[ RUN      ] ExampleTests.DemonstrateGTestMacros
[       OK ] ExampleTests.DemonstrateGTestMacros (0 ms)
[----------] 1 test from ExampleTests (0 ms total)

[----------] Global test environment tear-down
[==========] 1 test from 1 test suite ran. (0 ms total)
[  PASSED  ] 1 test.
<end of output>
Test time =   0.07 sec
----------------------------------------------------------
Test Passed.
"MainTests" end time: Dec 27 19:26 ????????? (????)
"MainTests" time elapsed: 00:00:00
----------------------------------------------------------

End testing: Dec 27 19:26 ????????? (????)
